Epoch 1/150
59/59 [==============================] - 241s 4s/step - loss: 1.0684 - accuracy: 0.4475 - val_loss: 0.6181 - val_accuracy: 0.5800

Epoch 00001: saving model to /content/drive/My Drive/Deep Learning/Sub_32/Models/T3D_saved_model_weights.01-0.62.hdf5
Epoch 2/150
59/59 [==============================] - 67s 1s/step - loss: 0.8136 - accuracy: 0.5120 - val_loss: 0.6557 - val_accuracy: 0.5106

Epoch 00002: saving model to /content/drive/My Drive/Deep Learning/Sub_32/Models/T3D_saved_model_weights.02-0.66.hdf5
Epoch 3/150
59/59 [==============================] - 63s 1s/step - loss: 0.8153 - accuracy: 0.5430 - val_loss: 0.6091 - val_accuracy: 0.5532

Epoch 00003: saving model to /content/drive/My Drive/Deep Learning/Sub_32/Models/T3D_saved_model_weights.03-0.61.hdf5
Epoch 4/150
59/59 [==============================] - 63s 1s/step - loss: 0.7329 - accuracy: 0.5189 - val_loss: 0.6746 - val_accuracy: 0.5106

Epoch 00004: saving model to /content/drive/My Drive/Deep Learning/Sub_32/Models/T3D_saved_model_weights.04-0.67.hdf5
Epoch 5/150
59/59 [==============================] - 64s 1s/step - loss: 0.7707 - accuracy: 0.5017 - val_loss: 0.6434 - val_accuracy: 0.4255

Epoch 00005: saving model to /content/drive/My Drive/Deep Learning/Sub_32/Models/T3D_saved_model_weights.05-0.64.hdf5
Epoch 6/150
59/59 [==============================] - 64s 1s/step - loss: 0.7265 - accuracy: 0.5739 - val_loss: 0.5632 - val_accuracy: 0.6596

Epoch 00006: saving model to /content/drive/My Drive/Deep Learning/Sub_32/Models/T3D_saved_model_weights.06-0.56.hdf5
Epoch 7/150
59/59 [==============================] - 64s 1s/step - loss: 0.7659 - accuracy: 0.5052 - val_loss: 0.7206 - val_accuracy: 0.4894

Epoch 00007: saving model to /content/drive/My Drive/Deep Learning/Sub_32/Models/T3D_saved_model_weights.07-0.72.hdf5
Epoch 8/150
59/59 [==============================] - 63s 1s/step - loss: 0.7574 - accuracy: 0.5361 - val_loss: 0.6876 - val_accuracy: 0.4255

Epoch 00008: saving model to /content/drive/My Drive/Deep Learning/Sub_32/Models/T3D_saved_model_weights.08-0.69.hdf5
Epoch 9/150
59/59 [==============================] - 64s 1s/step - loss: 0.7440 - accuracy: 0.4880 - val_loss: 0.6736 - val_accuracy: 0.6596

Epoch 00009: saving model to /content/drive/My Drive/Deep Learning/Sub_32/Models/T3D_saved_model_weights.09-0.67.hdf5
Epoch 10/150
59/59 [==============================] - 64s 1s/step - loss: 0.7193 - accuracy: 0.5430 - val_loss: 0.7144 - val_accuracy: 0.5532

Epoch 00010: saving model to /content/drive/My Drive/Deep Learning/Sub_32/Models/T3D_saved_model_weights.10-0.71.hdf5
Epoch 11/150
59/59 [==============================] - 64s 1s/step - loss: 0.7139 - accuracy: 0.5292 - val_loss: 0.7347 - val_accuracy: 0.5319

Epoch 00011: saving model to /content/drive/My Drive/Deep Learning/Sub_32/Models/T3D_saved_model_weights.11-0.73.hdf5
Epoch 12/150
59/59 [==============================] - 64s 1s/step - loss: 0.6776 - accuracy: 0.6014 - val_loss: 0.6417 - val_accuracy: 0.5600

Epoch 00012: saving model to /content/drive/My Drive/Deep Learning/Sub_32/Models/T3D_saved_model_weights.12-0.64.hdf5
Epoch 13/150
59/59 [==============================] - 63s 1s/step - loss: 0.7115 - accuracy: 0.5773 - val_loss: 0.6158 - val_accuracy: 0.5319

Epoch 00013: saving model to /content/drive/My Drive/Deep Learning/Sub_32/Models/T3D_saved_model_weights.13-0.62.hdf5
Epoch 14/150
59/59 [==============================] - 63s 1s/step - loss: 0.6930 - accuracy: 0.5636 - val_loss: 0.7579 - val_accuracy: 0.5745

Epoch 00014: saving model to /content/drive/My Drive/Deep Learning/Sub_32/Models/T3D_saved_model_weights.14-0.76.hdf5
Epoch 15/150
59/59 [==============================] - 64s 1s/step - loss: 0.7110 - accuracy: 0.5773 - val_loss: 0.7118 - val_accuracy: 0.7021

Epoch 00015: saving model to /content/drive/My Drive/Deep Learning/Sub_32/Models/T3D_saved_model_weights.15-0.71.hdf5
Epoch 16/150
59/59 [==============================] - 63s 1s/step - loss: 0.6880 - accuracy: 0.5945 - val_loss: 0.7202 - val_accuracy: 0.6383

Epoch 00016: saving model to /content/drive/My Drive/Deep Learning/Sub_32/Models/T3D_saved_model_weights.16-0.72.hdf5
Epoch 17/150
59/59 [==============================] - 63s 1s/step - loss: 0.6612 - accuracy: 0.6151 - val_loss: 0.7293 - val_accuracy: 0.6596

Epoch 00017: saving model to /content/drive/My Drive/Deep Learning/Sub_32/Models/T3D_saved_model_weights.17-0.73.hdf5
Epoch 18/150
59/59 [==============================] - 64s 1s/step - loss: 0.6819 - accuracy: 0.5842 - val_loss: 0.6308 - val_accuracy: 0.7872

Epoch 00018: saving model to /content/drive/My Drive/Deep Learning/Sub_32/Models/T3D_saved_model_weights.18-0.63.hdf5
Epoch 19/150
59/59 [==============================] - 64s 1s/step - loss: 0.6503 - accuracy: 0.6014 - val_loss: 0.6036 - val_accuracy: 0.6809

Epoch 00019: saving model to /content/drive/My Drive/Deep Learning/Sub_32/Models/T3D_saved_model_weights.19-0.60.hdf5
Epoch 20/150
59/59 [==============================] - 64s 1s/step - loss: 0.7092 - accuracy: 0.5430 - val_loss: 0.6349 - val_accuracy: 0.7234

Epoch 00020: saving model to /content/drive/My Drive/Deep Learning/Sub_32/Models/T3D_saved_model_weights.20-0.63.hdf5
Epoch 21/150
59/59 [==============================] - 64s 1s/step - loss: 0.6680 - accuracy: 0.5842 - val_loss: 0.6080 - val_accuracy: 0.7447

Epoch 00021: saving model to /content/drive/My Drive/Deep Learning/Sub_32/Models/T3D_saved_model_weights.21-0.61.hdf5
Epoch 22/150
59/59 [==============================] - 63s 1s/step - loss: 0.5840 - accuracy: 0.7045 - val_loss: 0.5144 - val_accuracy: 0.7021

Epoch 00022: saving model to /content/drive/My Drive/Deep Learning/Sub_32/Models/T3D_saved_model_weights.22-0.51.hdf5
Epoch 23/150
59/59 [==============================] - 63s 1s/step - loss: 0.6597 - accuracy: 0.6186 - val_loss: 0.5671 - val_accuracy: 0.7400

Epoch 00023: saving model to /content/drive/My Drive/Deep Learning/Sub_32/Models/T3D_saved_model_weights.23-0.57.hdf5
Epoch 24/150
59/59 [==============================] - 64s 1s/step - loss: 0.6171 - accuracy: 0.6735 - val_loss: 0.6579 - val_accuracy: 0.7021

Epoch 00024: saving model to /content/drive/My Drive/Deep Learning/Sub_32/Models/T3D_saved_model_weights.24-0.66.hdf5
Epoch 25/150
59/59 [==============================] - 63s 1s/step - loss: 0.6479 - accuracy: 0.6323 - val_loss: 0.5843 - val_accuracy: 0.7021

Epoch 00025: saving model to /content/drive/My Drive/Deep Learning/Sub_32/Models/T3D_saved_model_weights.25-0.58.hdf5
Epoch 26/150
59/59 [==============================] - 63s 1s/step - loss: 0.6124 - accuracy: 0.6529 - val_loss: 0.6070 - val_accuracy: 0.7872

Epoch 00026: saving model to /content/drive/My Drive/Deep Learning/Sub_32/Models/T3D_saved_model_weights.26-0.61.hdf5
Epoch 27/150
59/59 [==============================] - 64s 1s/step - loss: 0.6090 - accuracy: 0.6632 - val_loss: 0.4469 - val_accuracy: 0.7447

Epoch 00027: saving model to /content/drive/My Drive/Deep Learning/Sub_32/Models/T3D_saved_model_weights.27-0.45.hdf5
Epoch 28/150
59/59 [==============================] - 64s 1s/step - loss: 0.5598 - accuracy: 0.7148 - val_loss: 0.4936 - val_accuracy: 0.7447

Epoch 00028: saving model to /content/drive/My Drive/Deep Learning/Sub_32/Models/T3D_saved_model_weights.28-0.49.hdf5
Epoch 29/150
59/59 [==============================] - 63s 1s/step - loss: 0.6274 - accuracy: 0.6392 - val_loss: 0.6805 - val_accuracy: 0.7447

Epoch 00029: saving model to /content/drive/My Drive/Deep Learning/Sub_32/Models/T3D_saved_model_weights.29-0.68.hdf5
Epoch 30/150
59/59 [==============================] - 63s 1s/step - loss: 0.6300 - accuracy: 0.6392 - val_loss: 0.5977 - val_accuracy: 0.7872

Epoch 00030: saving model to /content/drive/My Drive/Deep Learning/Sub_32/Models/T3D_saved_model_weights.30-0.60.hdf5
Epoch 31/150
59/59 [==============================] - 64s 1s/step - loss: 0.5669 - accuracy: 0.7285 - val_loss: 0.4462 - val_accuracy: 0.7021

Epoch 00031: saving model to /content/drive/My Drive/Deep Learning/Sub_32/Models/T3D_saved_model_weights.31-0.45.hdf5
Epoch 32/150
59/59 [==============================] - 63s 1s/step - loss: 0.5849 - accuracy: 0.6907 - val_loss: 0.6687 - val_accuracy: 0.7021

Epoch 00032: saving model to /content/drive/My Drive/Deep Learning/Sub_32/Models/T3D_saved_model_weights.32-0.67.hdf5
Epoch 33/150
59/59 [==============================] - 63s 1s/step - loss: 0.6055 - accuracy: 0.6632 - val_loss: 0.4094 - val_accuracy: 0.7660

Epoch 00033: saving model to /content/drive/My Drive/Deep Learning/Sub_32/Models/T3D_saved_model_weights.33-0.41.hdf5
Epoch 34/150
59/59 [==============================] - 64s 1s/step - loss: 0.6026 - accuracy: 0.6632 - val_loss: 0.5122 - val_accuracy: 0.6800

Epoch 00034: saving model to /content/drive/My Drive/Deep Learning/Sub_32/Models/T3D_saved_model_weights.34-0.51.hdf5
Epoch 35/150
59/59 [==============================] - 63s 1s/step - loss: 0.5862 - accuracy: 0.6735 - val_loss: 0.7710 - val_accuracy: 0.6809

Epoch 00035: saving model to /content/drive/My Drive/Deep Learning/Sub_32/Models/T3D_saved_model_weights.35-0.77.hdf5
Epoch 36/150
59/59 [==============================] - 63s 1s/step - loss: 0.5828 - accuracy: 0.6804 - val_loss: 0.4860 - val_accuracy: 0.8085

Epoch 00036: saving model to /content/drive/My Drive/Deep Learning/Sub_32/Models/T3D_saved_model_weights.36-0.49.hdf5
Epoch 37/150
59/59 [==============================] - 63s 1s/step - loss: 0.6193 - accuracy: 0.6495 - val_loss: 0.5219 - val_accuracy: 0.6383

Epoch 00037: saving model to /content/drive/My Drive/Deep Learning/Sub_32/Models/T3D_saved_model_weights.37-0.52.hdf5
Epoch 38/150
59/59 [==============================] - 64s 1s/step - loss: 0.5390 - accuracy: 0.7285 - val_loss: 0.7064 - val_accuracy: 0.7660

Epoch 00038: saving model to /content/drive/My Drive/Deep Learning/Sub_32/Models/T3D_saved_model_weights.38-0.71.hdf5
Epoch 39/150
59/59 [==============================] - 64s 1s/step - loss: 0.5831 - accuracy: 0.6735 - val_loss: 0.6205 - val_accuracy: 0.7021

Epoch 00039: saving model to /content/drive/My Drive/Deep Learning/Sub_32/Models/T3D_saved_model_weights.39-0.62.hdf5
Epoch 40/150
59/59 [==============================] - 63s 1s/step - loss: 0.5676 - accuracy: 0.7388 - val_loss: 0.6131 - val_accuracy: 0.7234

Epoch 00040: saving model to /content/drive/My Drive/Deep Learning/Sub_32/Models/T3D_saved_model_weights.40-0.61.hdf5
Epoch 41/150
59/59 [==============================] - 63s 1s/step - loss: 0.5707 - accuracy: 0.7010 - val_loss: 0.3558 - val_accuracy: 0.8511

Epoch 00041: saving model to /content/drive/My Drive/Deep Learning/Sub_32/Models/T3D_saved_model_weights.41-0.36.hdf5
Epoch 42/150
59/59 [==============================] - 63s 1s/step - loss: 0.5748 - accuracy: 0.7079 - val_loss: 0.8169 - val_accuracy: 0.6809

Epoch 00042: saving model to /content/drive/My Drive/Deep Learning/Sub_32/Models/T3D_saved_model_weights.42-0.82.hdf5
Epoch 43/150
59/59 [==============================] - 64s 1s/step - loss: 0.5913 - accuracy: 0.7285 - val_loss: 0.5770 - val_accuracy: 0.7872

Epoch 00043: saving model to /content/drive/My Drive/Deep Learning/Sub_32/Models/T3D_saved_model_weights.43-0.58.hdf5
Epoch 44/150
59/59 [==============================] - 63s 1s/step - loss: 0.5871 - accuracy: 0.6804 - val_loss: 0.4815 - val_accuracy: 0.7660

Epoch 00044: saving model to /content/drive/My Drive/Deep Learning/Sub_32/Models/T3D_saved_model_weights.44-0.48.hdf5
Epoch 45/150
59/59 [==============================] - 64s 1s/step - loss: 0.5742 - accuracy: 0.7216 - val_loss: 0.3486 - val_accuracy: 0.6800

Epoch 00045: saving model to /content/drive/My Drive/Deep Learning/Sub_32/Models/T3D_saved_model_weights.45-0.35.hdf5
Epoch 46/150
59/59 [==============================] - 64s 1s/step - loss: 0.5509 - accuracy: 0.7182 - val_loss: 0.7027 - val_accuracy: 0.7447

Epoch 00046: saving model to /content/drive/My Drive/Deep Learning/Sub_32/Models/T3D_saved_model_weights.46-0.70.hdf5
Epoch 47/150
59/59 [==============================] - 64s 1s/step - loss: 0.5324 - accuracy: 0.7595 - val_loss: 0.3628 - val_accuracy: 0.7234

Epoch 00047: saving model to /content/drive/My Drive/Deep Learning/Sub_32/Models/T3D_saved_model_weights.47-0.36.hdf5
Epoch 48/150
59/59 [==============================] - 63s 1s/step - loss: 0.5254 - accuracy: 0.7251 - val_loss: 0.2148 - val_accuracy: 0.8085

Epoch 00048: saving model to /content/drive/My Drive/Deep Learning/Sub_32/Models/T3D_saved_model_weights.48-0.21.hdf5
Epoch 49/150
59/59 [==============================] - 64s 1s/step - loss: 0.5901 - accuracy: 0.7079 - val_loss: 0.8626 - val_accuracy: 0.7021

Epoch 00049: saving model to /content/drive/My Drive/Deep Learning/Sub_32/Models/T3D_saved_model_weights.49-0.86.hdf5
Epoch 50/150
59/59 [==============================] - 63s 1s/step - loss: 0.5453 - accuracy: 0.7457 - val_loss: 0.6488 - val_accuracy: 0.8085

Epoch 00050: saving model to /content/drive/My Drive/Deep Learning/Sub_32/Models/T3D_saved_model_weights.50-0.65.hdf5
Epoch 51/150
59/59 [==============================] - 64s 1s/step - loss: 0.5236 - accuracy: 0.7285 - val_loss: 0.6182 - val_accuracy: 0.7660

Epoch 00051: saving model to /content/drive/My Drive/Deep Learning/Sub_32/Models/T3D_saved_model_weights.51-0.62.hdf5
Epoch 52/150
59/59 [==============================] - 65s 1s/step - loss: 0.5199 - accuracy: 0.7766 - val_loss: 0.3818 - val_accuracy: 0.7234

Epoch 00052: saving model to /content/drive/My Drive/Deep Learning/Sub_32/Models/T3D_saved_model_weights.52-0.38.hdf5
Epoch 53/150
59/59 [==============================] - 64s 1s/step - loss: 0.5597 - accuracy: 0.7113 - val_loss: 0.4452 - val_accuracy: 0.7872

Epoch 00053: saving model to /content/drive/My Drive/Deep Learning/Sub_32/Models/T3D_saved_model_weights.53-0.45.hdf5
Epoch 54/150
59/59 [==============================] - 64s 1s/step - loss: 0.5291 - accuracy: 0.7079 - val_loss: 0.4123 - val_accuracy: 0.7447

Epoch 00054: saving model to /content/drive/My Drive/Deep Learning/Sub_32/Models/T3D_saved_model_weights.54-0.41.hdf5
Epoch 55/150
59/59 [==============================] - 63s 1s/step - loss: 0.5570 - accuracy: 0.7388 - val_loss: 0.3280 - val_accuracy: 0.7660

Epoch 00055: saving model to /content/drive/My Drive/Deep Learning/Sub_32/Models/T3D_saved_model_weights.55-0.33.hdf5
Epoch 56/150
59/59 [==============================] - 64s 1s/step - loss: 0.4997 - accuracy: 0.7698 - val_loss: 0.3361 - val_accuracy: 0.7800

Epoch 00056: saving model to /content/drive/My Drive/Deep Learning/Sub_32/Models/T3D_saved_model_weights.56-0.34.hdf5
Epoch 57/150
59/59 [==============================] - 64s 1s/step - loss: 0.5003 - accuracy: 0.7320 - val_loss: 0.2484 - val_accuracy: 0.7872

Epoch 00057: saving model to /content/drive/My Drive/Deep Learning/Sub_32/Models/T3D_saved_model_weights.57-0.25.hdf5
Epoch 58/150
59/59 [==============================] - 64s 1s/step - loss: 0.5151 - accuracy: 0.7663 - val_loss: 0.9067 - val_accuracy: 0.7021

Epoch 00058: saving model to /content/drive/My Drive/Deep Learning/Sub_32/Models/T3D_saved_model_weights.58-0.91.hdf5
Epoch 59/150
59/59 [==============================] - 64s 1s/step - loss: 0.5393 - accuracy: 0.7457 - val_loss: 0.9634 - val_accuracy: 0.7447

Epoch 00059: saving model to /content/drive/My Drive/Deep Learning/Sub_32/Models/T3D_saved_model_weights.59-0.96.hdf5
Epoch 60/150
59/59 [==============================] - 64s 1s/step - loss: 0.5116 - accuracy: 0.7595 - val_loss: 0.7880 - val_accuracy: 0.7447

Epoch 00060: saving model to /content/drive/My Drive/Deep Learning/Sub_32/Models/T3D_saved_model_weights.60-0.79.hdf5
Epoch 61/150
59/59 [==============================] - 65s 1s/step - loss: 0.4727 - accuracy: 0.7831 - val_loss: 0.6164 - val_accuracy: 0.7234

Epoch 00061: saving model to /content/drive/My Drive/Deep Learning/Sub_32/Models/T3D_saved_model_weights.61-0.62.hdf5
Epoch 62/150
59/59 [==============================] - 64s 1s/step - loss: 0.5203 - accuracy: 0.7491 - val_loss: 0.3090 - val_accuracy: 0.8085

Epoch 00062: saving model to /content/drive/My Drive/Deep Learning/Sub_32/Models/T3D_saved_model_weights.62-0.31.hdf5
Epoch 63/150
59/59 [==============================] - 64s 1s/step - loss: 0.5175 - accuracy: 0.7388 - val_loss: 0.6946 - val_accuracy: 0.7234

Epoch 00063: saving model to /content/drive/My Drive/Deep Learning/Sub_32/Models/T3D_saved_model_weights.63-0.69.hdf5
Epoch 64/150
59/59 [==============================] - 64s 1s/step - loss: 0.4969 - accuracy: 0.7835 - val_loss: 0.7476 - val_accuracy: 0.7234

Epoch 00064: saving model to /content/drive/My Drive/Deep Learning/Sub_32/Models/T3D_saved_model_weights.64-0.75.hdf5
Epoch 65/150
59/59 [==============================] - 64s 1s/step - loss: 0.5212 - accuracy: 0.7388 - val_loss: 0.2696 - val_accuracy: 0.7447

Epoch 00065: saving model to /content/drive/My Drive/Deep Learning/Sub_32/Models/T3D_saved_model_weights.65-0.27.hdf5
Epoch 66/150
59/59 [==============================] - 63s 1s/step - loss: 0.4328 - accuracy: 0.7869 - val_loss: 0.1633 - val_accuracy: 0.7447

Epoch 00066: saving model to /content/drive/My Drive/Deep Learning/Sub_32/Models/T3D_saved_model_weights.66-0.16.hdf5
Epoch 67/150
59/59 [==============================] - 64s 1s/step - loss: 0.5358 - accuracy: 0.7388 - val_loss: 0.6325 - val_accuracy: 0.7800

Epoch 00067: saving model to /content/drive/My Drive/Deep Learning/Sub_32/Models/T3D_saved_model_weights.67-0.63.hdf5
Epoch 68/150
59/59 [==============================] - 64s 1s/step - loss: 0.4727 - accuracy: 0.7698 - val_loss: 0.3782 - val_accuracy: 0.7872

Epoch 00068: saving model to /content/drive/My Drive/Deep Learning/Sub_32/Models/T3D_saved_model_weights.68-0.38.hdf5
Epoch 69/150
59/59 [==============================] - 64s 1s/step - loss: 0.4669 - accuracy: 0.7663 - val_loss: 0.6328 - val_accuracy: 0.7447

Epoch 00069: saving model to /content/drive/My Drive/Deep Learning/Sub_32/Models/T3D_saved_model_weights.69-0.63.hdf5
Epoch 70/150
59/59 [==============================] - 64s 1s/step - loss: 0.4814 - accuracy: 0.7595 - val_loss: 0.3758 - val_accuracy: 0.7447

Epoch 00070: saving model to /content/drive/My Drive/Deep Learning/Sub_32/Models/T3D_saved_model_weights.70-0.38.hdf5
Epoch 71/150
59/59 [==============================] - 64s 1s/step - loss: 0.4739 - accuracy: 0.7698 - val_loss: 0.5253 - val_accuracy: 0.8085

Epoch 00071: saving model to /content/drive/My Drive/Deep Learning/Sub_32/Models/T3D_saved_model_weights.71-0.53.hdf5
Epoch 72/150
59/59 [==============================] - 64s 1s/step - loss: 0.4832 - accuracy: 0.7663 - val_loss: 0.4425 - val_accuracy: 0.8298

Epoch 00072: saving model to /content/drive/My Drive/Deep Learning/Sub_32/Models/T3D_saved_model_weights.72-0.44.hdf5
Epoch 73/150
59/59 [==============================] - 63s 1s/step - loss: 0.5307 - accuracy: 0.7560 - val_loss: 0.1920 - val_accuracy: 0.7447

Epoch 00073: saving model to /content/drive/My Drive/Deep Learning/Sub_32/Models/T3D_saved_model_weights.73-0.19.hdf5
Epoch 74/150
59/59 [==============================] - 63s 1s/step - loss: 0.5026 - accuracy: 0.7869 - val_loss: 0.5794 - val_accuracy: 0.7660

Epoch 00074: saving model to /content/drive/My Drive/Deep Learning/Sub_32/Models/T3D_saved_model_weights.74-0.58.hdf5
Epoch 75/150
59/59 [==============================] - 64s 1s/step - loss: 0.4676 - accuracy: 0.7526 - val_loss: 0.2414 - val_accuracy: 0.7660

Epoch 00075: saving model to /content/drive/My Drive/Deep Learning/Sub_32/Models/T3D_saved_model_weights.75-0.24.hdf5
Epoch 76/150
59/59 [==============================] - 63s 1s/step - loss: 0.4196 - accuracy: 0.8076 - val_loss: 0.5601 - val_accuracy: 0.8085

Epoch 00076: saving model to /content/drive/My Drive/Deep Learning/Sub_32/Models/T3D_saved_model_weights.76-0.56.hdf5
Epoch 77/150
59/59 [==============================] - 63s 1s/step - loss: 0.4636 - accuracy: 0.7869 - val_loss: 0.1200 - val_accuracy: 0.7660

Epoch 00077: saving model to /content/drive/My Drive/Deep Learning/Sub_32/Models/T3D_saved_model_weights.77-0.12.hdf5
Epoch 78/150
59/59 [==============================] - 64s 1s/step - loss: 0.4398 - accuracy: 0.7869 - val_loss: 0.6624 - val_accuracy: 0.7800

Epoch 00078: saving model to /content/drive/My Drive/Deep Learning/Sub_32/Models/T3D_saved_model_weights.78-0.66.hdf5
Epoch 79/150
59/59 [==============================] - 64s 1s/step - loss: 0.4993 - accuracy: 0.7663 - val_loss: 0.5100 - val_accuracy: 0.7021

Epoch 00079: saving model to /content/drive/My Drive/Deep Learning/Sub_32/Models/T3D_saved_model_weights.79-0.51.hdf5
Epoch 80/150
59/59 [==============================] - 63s 1s/step - loss: 0.5003 - accuracy: 0.7766 - val_loss: 0.1838 - val_accuracy: 0.8723

Epoch 00080: saving model to /content/drive/My Drive/Deep Learning/Sub_32/Models/T3D_saved_model_weights.80-0.18.hdf5
Epoch 81/150
59/59 [==============================] - 63s 1s/step - loss: 0.5099 - accuracy: 0.7560 - val_loss: 0.5597 - val_accuracy: 0.7234

Epoch 00081: saving model to /content/drive/My Drive/Deep Learning/Sub_32/Models/T3D_saved_model_weights.81-0.56.hdf5
Epoch 82/150
59/59 [==============================] - 63s 1s/step - loss: 0.5168 - accuracy: 0.7698 - val_loss: 0.9794 - val_accuracy: 0.7021

Epoch 00082: saving model to /content/drive/My Drive/Deep Learning/Sub_32/Models/T3D_saved_model_weights.82-0.98.hdf5
Epoch 83/150
59/59 [==============================] - 63s 1s/step - loss: 0.4941 - accuracy: 0.7457 - val_loss: 0.4226 - val_accuracy: 0.7872

Epoch 00083: saving model to /content/drive/My Drive/Deep Learning/Sub_32/Models/T3D_saved_model_weights.83-0.42.hdf5
Epoch 84/150
59/59 [==============================] - 63s 1s/step - loss: 0.4731 - accuracy: 0.7698 - val_loss: 0.3008 - val_accuracy: 0.7660

Epoch 00084: saving model to /content/drive/My Drive/Deep Learning/Sub_32/Models/T3D_saved_model_weights.84-0.30.hdf5
Epoch 85/150
59/59 [==============================] - 63s 1s/step - loss: 0.5572 - accuracy: 0.7354 - val_loss: 0.6067 - val_accuracy: 0.7660

Epoch 00085: saving model to /content/drive/My Drive/Deep Learning/Sub_32/Models/T3D_saved_model_weights.85-0.61.hdf5
Epoch 86/150
59/59 [==============================] - 63s 1s/step - loss: 0.4563 - accuracy: 0.7973 - val_loss: 0.7165 - val_accuracy: 0.7660

Epoch 00086: saving model to /content/drive/My Drive/Deep Learning/Sub_32/Models/T3D_saved_model_weights.86-0.72.hdf5
Epoch 87/150
59/59 [==============================] - 63s 1s/step - loss: 0.4380 - accuracy: 0.7869 - val_loss: 0.8866 - val_accuracy: 0.8085

Epoch 00087: saving model to /content/drive/My Drive/Deep Learning/Sub_32/Models/T3D_saved_model_weights.87-0.89.hdf5
Epoch 88/150
59/59 [==============================] - 64s 1s/step - loss: 0.4565 - accuracy: 0.8110 - val_loss: 0.2239 - val_accuracy: 0.7447

Epoch 00088: saving model to /content/drive/My Drive/Deep Learning/Sub_32/Models/T3D_saved_model_weights.88-0.22.hdf5
Epoch 89/150
59/59 [==============================] - 63s 1s/step - loss: 0.4142 - accuracy: 0.8110 - val_loss: 0.4903 - val_accuracy: 0.7200

Epoch 00089: saving model to /content/drive/My Drive/Deep Learning/Sub_32/Models/T3D_saved_model_weights.89-0.49.hdf5
Epoch 90/150
59/59 [==============================] - 63s 1s/step - loss: 0.4677 - accuracy: 0.7801 - val_loss: 0.4495 - val_accuracy: 0.8298

Epoch 00090: saving model to /content/drive/My Drive/Deep Learning/Sub_32/Models/T3D_saved_model_weights.90-0.45.hdf5
Epoch 91/150
59/59 [==============================] - 63s 1s/step - loss: 0.4595 - accuracy: 0.7938 - val_loss: 0.7073 - val_accuracy: 0.6809

Epoch 00091: saving model to /content/drive/My Drive/Deep Learning/Sub_32/Models/T3D_saved_model_weights.91-0.71.hdf5
Epoch 92/150
59/59 [==============================] - 63s 1s/step - loss: 0.5446 - accuracy: 0.7216 - val_loss: 0.2552 - val_accuracy: 0.7660

Epoch 00092: saving model to /content/drive/My Drive/Deep Learning/Sub_32/Models/T3D_saved_model_weights.92-0.26.hdf5
Epoch 93/150
59/59 [==============================] - 63s 1s/step - loss: 0.5261 - accuracy: 0.7388 - val_loss: 0.4883 - val_accuracy: 0.7872

Epoch 00093: saving model to /content/drive/My Drive/Deep Learning/Sub_32/Models/T3D_saved_model_weights.93-0.49.hdf5
Epoch 94/150
59/59 [==============================] - 63s 1s/step - loss: 0.4584 - accuracy: 0.7766 - val_loss: 0.2961 - val_accuracy: 0.8085

Epoch 00094: saving model to /content/drive/My Drive/Deep Learning/Sub_32/Models/T3D_saved_model_weights.94-0.30.hdf5
Epoch 95/150
59/59 [==============================] - 63s 1s/step - loss: 0.4967 - accuracy: 0.7491 - val_loss: 0.6118 - val_accuracy: 0.7234

Epoch 00095: saving model to /content/drive/My Drive/Deep Learning/Sub_32/Models/T3D_saved_model_weights.95-0.61.hdf5
Epoch 96/150
59/59 [==============================] - 63s 1s/step - loss: 0.5026 - accuracy: 0.7732 - val_loss: 0.9547 - val_accuracy: 0.7660

Epoch 00096: saving model to /content/drive/My Drive/Deep Learning/Sub_32/Models/T3D_saved_model_weights.96-0.95.hdf5
Epoch 97/150
59/59 [==============================] - 63s 1s/step - loss: 0.4767 - accuracy: 0.7526 - val_loss: 0.4304 - val_accuracy: 0.7660

Epoch 00097: saving model to /content/drive/My Drive/Deep Learning/Sub_32/Models/T3D_saved_model_weights.97-0.43.hdf5

Epoch 00097: ReduceLROnPlateau reducing learning rate to 4.999999873689376e-05.
Epoch 98/150
59/59 [==============================] - 63s 1s/step - loss: 0.5182 - accuracy: 0.7423 - val_loss: 0.3494 - val_accuracy: 0.8085

Epoch 00098: saving model to /content/drive/My Drive/Deep Learning/Sub_32/Models/T3D_saved_model_weights.98-0.35.hdf5
Epoch 99/150
59/59 [==============================] - 63s 1s/step - loss: 0.4338 - accuracy: 0.7938 - val_loss: 0.2650 - val_accuracy: 0.8085

Epoch 00099: saving model to /content/drive/My Drive/Deep Learning/Sub_32/Models/T3D_saved_model_weights.99-0.26.hdf5
Epoch 100/150
59/59 [==============================] - 63s 1s/step - loss: 0.4224 - accuracy: 0.8041 - val_loss: 0.3392 - val_accuracy: 0.8000

Epoch 00100: saving model to /content/drive/My Drive/Deep Learning/Sub_32/Models/T3D_saved_model_weights.100-0.34.hdf5
Epoch 101/150
59/59 [==============================] - 63s 1s/step - loss: 0.4542 - accuracy: 0.7869 - val_loss: 0.2952 - val_accuracy: 0.8298

Epoch 00101: saving model to /content/drive/My Drive/Deep Learning/Sub_32/Models/T3D_saved_model_weights.101-0.30.hdf5
Epoch 102/150
59/59 [==============================] - 64s 1s/step - loss: 0.4359 - accuracy: 0.8041 - val_loss: 0.2150 - val_accuracy: 0.7447

Epoch 00102: saving model to /content/drive/My Drive/Deep Learning/Sub_32/Models/T3D_saved_model_weights.102-0.21.hdf5
Epoch 103/150
59/59 [==============================] - 63s 1s/step - loss: 0.4363 - accuracy: 0.7869 - val_loss: 0.8673 - val_accuracy: 0.8085

Epoch 00103: saving model to /content/drive/My Drive/Deep Learning/Sub_32/Models/T3D_saved_model_weights.103-0.87.hdf5
Epoch 104/150
59/59 [==============================] - 63s 1s/step - loss: 0.4305 - accuracy: 0.8007 - val_loss: 0.1978 - val_accuracy: 0.7872

Epoch 00104: saving model to /content/drive/My Drive/Deep Learning/Sub_32/Models/T3D_saved_model_weights.104-0.20.hdf5
Epoch 105/150
59/59 [==============================] - 63s 1s/step - loss: 0.4273 - accuracy: 0.8041 - val_loss: 0.5495 - val_accuracy: 0.7872

Epoch 00105: saving model to /content/drive/My Drive/Deep Learning/Sub_32/Models/T3D_saved_model_weights.105-0.55.hdf5
Epoch 106/150
59/59 [==============================] - 63s 1s/step - loss: 0.4347 - accuracy: 0.8007 - val_loss: 0.2887 - val_accuracy: 0.7660

Epoch 00106: saving model to /content/drive/My Drive/Deep Learning/Sub_32/Models/T3D_saved_model_weights.106-0.29.hdf5
Epoch 107/150
59/59 [==============================] - 63s 1s/step - loss: 0.4627 - accuracy: 0.7869 - val_loss: 0.5986 - val_accuracy: 0.7660

Epoch 00107: saving model to /content/drive/My Drive/Deep Learning/Sub_32/Models/T3D_saved_model_weights.107-0.60.hdf5
Epoch 108/150
59/59 [==============================] - 63s 1s/step - loss: 0.4147 - accuracy: 0.8316 - val_loss: 0.8887 - val_accuracy: 0.8511

Epoch 00108: saving model to /content/drive/My Drive/Deep Learning/Sub_32/Models/T3D_saved_model_weights.108-0.89.hdf5
Epoch 109/150
59/59 [==============================] - 62s 1s/step - loss: 0.4319 - accuracy: 0.8247 - val_loss: 0.1063 - val_accuracy: 0.8511

Epoch 00109: saving model to /content/drive/My Drive/Deep Learning/Sub_32/Models/T3D_saved_model_weights.109-0.11.hdf5
Epoch 110/150
59/59 [==============================] - 63s 1s/step - loss: 0.4305 - accuracy: 0.7801 - val_loss: 0.1852 - val_accuracy: 0.7447

Epoch 00110: saving model to /content/drive/My Drive/Deep Learning/Sub_32/Models/T3D_saved_model_weights.110-0.19.hdf5
Epoch 111/150
59/59 [==============================] - 64s 1s/step - loss: 0.3969 - accuracy: 0.8351 - val_loss: 0.2859 - val_accuracy: 0.8400

Epoch 00111: saving model to /content/drive/My Drive/Deep Learning/Sub_32/Models/T3D_saved_model_weights.111-0.29.hdf5
Epoch 112/150
59/59 [==============================] - 63s 1s/step - loss: 0.4183 - accuracy: 0.8144 - val_loss: 0.4147 - val_accuracy: 0.8511

Epoch 00112: saving model to /content/drive/My Drive/Deep Learning/Sub_32/Models/T3D_saved_model_weights.112-0.41.hdf5
Epoch 113/150
59/59 [==============================] - 63s 1s/step - loss: 0.4169 - accuracy: 0.8213 - val_loss: 1.1572 - val_accuracy: 0.7447

Epoch 00113: saving model to /content/drive/My Drive/Deep Learning/Sub_32/Models/T3D_saved_model_weights.113-1.16.hdf5
Epoch 114/150
59/59 [==============================] - 63s 1s/step - loss: 0.3811 - accuracy: 0.8419 - val_loss: 0.5313 - val_accuracy: 0.7447

Epoch 00114: saving model to /content/drive/My Drive/Deep Learning/Sub_32/Models/T3D_saved_model_weights.114-0.53.hdf5
Epoch 115/150
59/59 [==============================] - 62s 1s/step - loss: 0.4773 - accuracy: 0.7904 - val_loss: 0.5584 - val_accuracy: 0.8298

Epoch 00115: saving model to /content/drive/My Drive/Deep Learning/Sub_32/Models/T3D_saved_model_weights.115-0.56.hdf5
Epoch 116/150
59/59 [==============================] - 63s 1s/step - loss: 0.3918 - accuracy: 0.8488 - val_loss: 0.4111 - val_accuracy: 0.7447

Epoch 00116: saving model to /content/drive/My Drive/Deep Learning/Sub_32/Models/T3D_saved_model_weights.116-0.41.hdf5
Epoch 117/150
59/59 [==============================] - 63s 1s/step - loss: 0.4093 - accuracy: 0.8213 - val_loss: 0.4776 - val_accuracy: 0.7660

Epoch 00117: saving model to /content/drive/My Drive/Deep Learning/Sub_32/Models/T3D_saved_model_weights.117-0.48.hdf5
Epoch 118/150
59/59 [==============================] - 63s 1s/step - loss: 0.4625 - accuracy: 0.7973 - val_loss: 0.3231 - val_accuracy: 0.8723

Epoch 00118: saving model to /content/drive/My Drive/Deep Learning/Sub_32/Models/T3D_saved_model_weights.118-0.32.hdf5
Epoch 119/150
59/59 [==============================] - 63s 1s/step - loss: 0.4269 - accuracy: 0.8179 - val_loss: 0.5657 - val_accuracy: 0.7872

Epoch 00119: saving model to /content/drive/My Drive/Deep Learning/Sub_32/Models/T3D_saved_model_weights.119-0.57.hdf5
Epoch 120/150
59/59 [==============================] - 63s 1s/step - loss: 0.3897 - accuracy: 0.8179 - val_loss: 0.4108 - val_accuracy: 0.7447

Epoch 00120: saving model to /content/drive/My Drive/Deep Learning/Sub_32/Models/T3D_saved_model_weights.120-0.41.hdf5
Epoch 121/150
59/59 [==============================] - 64s 1s/step - loss: 0.4170 - accuracy: 0.7932 - val_loss: 0.3370 - val_accuracy: 0.8298

Epoch 00121: saving model to /content/drive/My Drive/Deep Learning/Sub_32/Models/T3D_saved_model_weights.121-0.34.hdf5
Epoch 122/150
59/59 [==============================] - 63s 1s/step - loss: 0.3681 - accuracy: 0.8282 - val_loss: 0.1901 - val_accuracy: 0.8200

Epoch 00122: saving model to /content/drive/My Drive/Deep Learning/Sub_32/Models/T3D_saved_model_weights.122-0.19.hdf5
Epoch 123/150
59/59 [==============================] - 63s 1s/step - loss: 0.4165 - accuracy: 0.8247 - val_loss: 0.3107 - val_accuracy: 0.8511

Epoch 00123: saving model to /content/drive/My Drive/Deep Learning/Sub_32/Models/T3D_saved_model_weights.123-0.31.hdf5
Epoch 124/150
59/59 [==============================] - 64s 1s/step - loss: 0.3589 - accuracy: 0.8316 - val_loss: 0.1915 - val_accuracy: 0.8511

Epoch 00124: saving model to /content/drive/My Drive/Deep Learning/Sub_32/Models/T3D_saved_model_weights.124-0.19.hdf5
Epoch 125/150
59/59 [==============================] - 63s 1s/step - loss: 0.4089 - accuracy: 0.8213 - val_loss: 0.1736 - val_accuracy: 0.7234

Epoch 00125: saving model to /content/drive/My Drive/Deep Learning/Sub_32/Models/T3D_saved_model_weights.125-0.17.hdf5
Epoch 126/150
59/59 [==============================] - 64s 1s/step - loss: 0.3552 - accuracy: 0.8522 - val_loss: 0.3133 - val_accuracy: 0.8298

Epoch 00126: saving model to /content/drive/My Drive/Deep Learning/Sub_32/Models/T3D_saved_model_weights.126-0.31.hdf5
Epoch 127/150
59/59 [==============================] - 63s 1s/step - loss: 0.3995 - accuracy: 0.8316 - val_loss: 0.1686 - val_accuracy: 0.8511

Epoch 00127: saving model to /content/drive/My Drive/Deep Learning/Sub_32/Models/T3D_saved_model_weights.127-0.17.hdf5
Epoch 128/150
59/59 [==============================] - 63s 1s/step - loss: 0.4450 - accuracy: 0.8007 - val_loss: 0.7264 - val_accuracy: 0.7660

Epoch 00128: saving model to /content/drive/My Drive/Deep Learning/Sub_32/Models/T3D_saved_model_weights.128-0.73.hdf5
Epoch 129/150
59/59 [==============================] - 63s 1s/step - loss: 0.3799 - accuracy: 0.8557 - val_loss: 0.4337 - val_accuracy: 0.8298

Epoch 00129: saving model to /content/drive/My Drive/Deep Learning/Sub_32/Models/T3D_saved_model_weights.129-0.43.hdf5

Epoch 00129: ReduceLROnPlateau reducing learning rate to 2.499999936844688e-05.
Epoch 130/150
59/59 [==============================] - 63s 1s/step - loss: 0.4498 - accuracy: 0.8076 - val_loss: 0.8241 - val_accuracy: 0.8723

Epoch 00130: saving model to /content/drive/My Drive/Deep Learning/Sub_32/Models/T3D_saved_model_weights.130-0.82.hdf5
Epoch 131/150
59/59 [==============================] - 63s 1s/step - loss: 0.3914 - accuracy: 0.8282 - val_loss: 0.3663 - val_accuracy: 0.8511

Epoch 00131: saving model to /content/drive/My Drive/Deep Learning/Sub_32/Models/T3D_saved_model_weights.131-0.37.hdf5
Epoch 132/150
59/59 [==============================] - 63s 1s/step - loss: 0.4004 - accuracy: 0.8385 - val_loss: 0.2200 - val_accuracy: 0.8511

Epoch 00132: saving model to /content/drive/My Drive/Deep Learning/Sub_32/Models/T3D_saved_model_weights.132-0.22.hdf5
Epoch 133/150
59/59 [==============================] - 63s 1s/step - loss: 0.3361 - accuracy: 0.8694 - val_loss: 0.5743 - val_accuracy: 0.7200

Epoch 00133: saving model to /content/drive/My Drive/Deep Learning/Sub_32/Models/T3D_saved_model_weights.133-0.57.hdf5
Epoch 134/150
59/59 [==============================] - 63s 1s/step - loss: 0.3916 - accuracy: 0.8213 - val_loss: 0.6507 - val_accuracy: 0.7447

Epoch 00134: saving model to /content/drive/My Drive/Deep Learning/Sub_32/Models/T3D_saved_model_weights.134-0.65.hdf5
Epoch 135/150
59/59 [==============================] - 63s 1s/step - loss: 0.4312 - accuracy: 0.8041 - val_loss: 0.1646 - val_accuracy: 0.8723

Epoch 00135: saving model to /content/drive/My Drive/Deep Learning/Sub_32/Models/T3D_saved_model_weights.135-0.16.hdf5
Epoch 136/150
59/59 [==============================] - 63s 1s/step - loss: 0.4290 - accuracy: 0.8110 - val_loss: 0.6670 - val_accuracy: 0.7660

Epoch 00136: saving model to /content/drive/My Drive/Deep Learning/Sub_32/Models/T3D_saved_model_weights.136-0.67.hdf5
Epoch 137/150
59/59 [==============================] - 63s 1s/step - loss: 0.3657 - accuracy: 0.8351 - val_loss: 0.1923 - val_accuracy: 0.8298

Epoch 00137: saving model to /content/drive/My Drive/Deep Learning/Sub_32/Models/T3D_saved_model_weights.137-0.19.hdf5
Epoch 138/150
59/59 [==============================] - 63s 1s/step - loss: 0.4316 - accuracy: 0.8282 - val_loss: 0.1609 - val_accuracy: 0.8298

Epoch 00138: saving model to /content/drive/My Drive/Deep Learning/Sub_32/Models/T3D_saved_model_weights.138-0.16.hdf5
Epoch 139/150
59/59 [==============================] - 63s 1s/step - loss: 0.3632 - accuracy: 0.8454 - val_loss: 0.6954 - val_accuracy: 0.7021

Epoch 00139: saving model to /content/drive/My Drive/Deep Learning/Sub_32/Models/T3D_saved_model_weights.139-0.70.hdf5
Epoch 140/150
59/59 [==============================] - 63s 1s/step - loss: 0.3848 - accuracy: 0.8385 - val_loss: 0.7170 - val_accuracy: 0.7872

Epoch 00140: saving model to /content/drive/My Drive/Deep Learning/Sub_32/Models/T3D_saved_model_weights.140-0.72.hdf5
Epoch 141/150
59/59 [==============================] - 63s 1s/step - loss: 0.3779 - accuracy: 0.8419 - val_loss: 0.3755 - val_accuracy: 0.9149

Epoch 00141: saving model to /content/drive/My Drive/Deep Learning/Sub_32/Models/T3D_saved_model_weights.141-0.38.hdf5
Epoch 142/150
59/59 [==============================] - 63s 1s/step - loss: 0.3741 - accuracy: 0.8076 - val_loss: 0.9998 - val_accuracy: 0.8085

Epoch 00142: saving model to /content/drive/My Drive/Deep Learning/Sub_32/Models/T3D_saved_model_weights.142-1.00.hdf5
Epoch 143/150
59/59 [==============================] - 63s 1s/step - loss: 0.3628 - accuracy: 0.8179 - val_loss: 0.0213 - val_accuracy: 0.8936

Epoch 00143: saving model to /content/drive/My Drive/Deep Learning/Sub_32/Models/T3D_saved_model_weights.143-0.02.hdf5
Epoch 144/150
59/59 [==============================] - 63s 1s/step - loss: 0.3942 - accuracy: 0.8316 - val_loss: 0.5547 - val_accuracy: 0.8000

Epoch 00144: saving model to /content/drive/My Drive/Deep Learning/Sub_32/Models/T3D_saved_model_weights.144-0.55.hdf5
Epoch 145/150
59/59 [==============================] - 63s 1s/step - loss: 0.3236 - accuracy: 0.8385 - val_loss: 0.3807 - val_accuracy: 0.8511

Epoch 00145: saving model to /content/drive/My Drive/Deep Learning/Sub_32/Models/T3D_saved_model_weights.145-0.38.hdf5
Epoch 146/150
59/59 [==============================] - 63s 1s/step - loss: 0.3700 - accuracy: 0.8419 - val_loss: 0.3074 - val_accuracy: 0.7660

Epoch 00146: saving model to /content/drive/My Drive/Deep Learning/Sub_32/Models/T3D_saved_model_weights.146-0.31.hdf5
Epoch 147/150
59/59 [==============================] - 63s 1s/step - loss: 0.4108 - accuracy: 0.8213 - val_loss: 0.2488 - val_accuracy: 0.8085

Epoch 00147: saving model to /content/drive/My Drive/Deep Learning/Sub_32/Models/T3D_saved_model_weights.147-0.25.hdf5
Epoch 148/150
59/59 [==============================] - 64s 1s/step - loss: 0.3581 - accuracy: 0.8351 - val_loss: 0.3596 - val_accuracy: 0.8723

Epoch 00148: saving model to /content/drive/My Drive/Deep Learning/Sub_32/Models/T3D_saved_model_weights.148-0.36.hdf5
Epoch 149/150
59/59 [==============================] - 63s 1s/step - loss: 0.4347 - accuracy: 0.8110 - val_loss: 0.1375 - val_accuracy: 0.7660

Epoch 00149: saving model to /content/drive/My Drive/Deep Learning/Sub_32/Models/T3D_saved_model_weights.149-0.14.hdf5
Epoch 150/150
59/59 [==============================] - 63s 1s/step - loss: 0.2851 - accuracy: 0.9003 - val_loss: 0.3775 - val_accuracy: 0.8298

Epoch 00150: saving model to /content/drive/My Drive/Deep Learning/Sub_32/Models/T3D_saved_model_weights.150-0.38.hdf5
